ERROR - 2018-01-12 08:09:09 --> 404 Page Not Found: Merchant/country_autoload
ERROR - 2018-01-12 08:09:14 --> 404 Page Not Found: Merchant/country_autoload
ERROR - 2018-01-12 08:09:23 --> 404 Page Not Found: Merchant/country_autoload
ERROR - 2018-01-12 08:14:32 --> 404 Page Not Found: Merchant/country_autoload
ERROR - 2018-01-12 09:55:02 --> Severity: Warning --> unlink(): No such file or directory /home/standard_digital/httpdocs/magazines/application/models/Merchant_model.php 432
ERROR - 2018-01-12 09:57:21 --> Severity: Warning --> unlink(): No such file or directory /home/standard_digital/httpdocs/magazines/application/models/Merchant_model.php 440
ERROR - 2018-01-12 10:00:32 --> Severity: Warning --> unlink(): No such file or directory /home/standard_digital/httpdocs/magazines/application/models/Merchant_model.php 448
ERROR - 2018-01-12 10:01:55 --> Severity: Warning --> unlink(): No such file or directory /home/standard_digital/httpdocs/magazines/application/models/Merchant_model.php 448
ERROR - 2018-01-12 10:02:07 --> Severity: Warning --> unlink(): No such file or directory /home/standard_digital/httpdocs/magazines/application/models/Merchant_model.php 448
ERROR - 2018-01-12 10:02:53 --> Severity: Warning --> unlink(): No such file or directory /home/standard_digital/httpdocs/magazines/application/models/Merchant_model.php 448
ERROR - 2018-01-12 10:03:10 --> Severity: Warning --> unlink(): No such file or directory /home/standard_digital/httpdocs/magazines/application/models/Merchant_model.php 448
ERROR - 2018-01-12 10:10:17 --> Severity: Warning --> unlink(): No such file or directory /home/standard_digital/httpdocs/magazines/application/models/Merchant_model.php 448
ERROR - 2018-01-12 10:10:51 --> Severity: Warning --> unlink(): No such file or directory /home/standard_digital/httpdocs/magazines/application/models/Merchant_model.php 448
ERROR - 2018-01-12 10:27:47 --> Severity: Warning --> unlink(): No such file or directory /home/standard_digital/httpdocs/magazines/application/models/Merchant_model.php 448
ERROR - 2018-01-12 10:44:42 --> Query error: Unknown column 'p.status' in 'on clause' - Invalid query: select * from m_publications p join m_circle c on publication_circle=c.p_id  and p.status=1 order by p.ID asc
ERROR - 2018-01-12 10:45:34 --> Query error: Unknown column 'p.status' in 'on clause' - Invalid query: select * from m_publications p join m_circle c on publication_circle=c.p_id  and p.status=1 order by p.ID asc
ERROR - 2018-01-12 10:45:34 --> Severity: Error --> Call to a member function result() on a non-object /home/standard_digital/httpdocs/magazines/application/models/Merchant_model.php 215
ERROR - 2018-01-12 10:45:37 --> Query error: Unknown column 'p.status' in 'on clause' - Invalid query: select * from m_publications p join m_circle c on publication_circle=c.p_id  and p.status=1 order by p.ID asc
ERROR - 2018-01-12 10:45:37 --> Severity: Error --> Call to a member function result() on a non-object /home/standard_digital/httpdocs/magazines/application/models/Merchant_model.php 215
ERROR - 2018-01-12 10:57:13 --> Severity: Error --> Call to a member function result() on a non-object /home/standard_digital/httpdocs/magazines/application/views/widgets/dash.php 44
ERROR - 2018-01-12 10:57:14 --> Severity: Error --> Call to a member function result() on a non-object /home/standard_digital/httpdocs/magazines/application/views/widgets/dash.php 44
ERROR - 2018-01-12 10:57:15 --> Severity: Error --> Call to a member function result() on a non-object /home/standard_digital/httpdocs/magazines/application/views/widgets/dash.php 44
ERROR - 2018-01-12 10:57:16 --> Severity: Error --> Call to a member function result() on a non-object /home/standard_digital/httpdocs/magazines/application/views/widgets/dash.php 44
ERROR - 2018-01-12 10:57:17 --> Severity: Error --> Call to a member function result() on a non-object /home/standard_digital/httpdocs/magazines/application/views/widgets/dash.php 44
ERROR - 2018-01-12 10:57:17 --> Severity: Error --> Call to a member function result() on a non-object /home/standard_digital/httpdocs/magazines/application/views/widgets/dash.php 44
ERROR - 2018-01-12 10:57:17 --> Severity: Error --> Call to a member function result() on a non-object /home/standard_digital/httpdocs/magazines/application/views/widgets/dash.php 44
ERROR - 2018-01-12 10:57:18 --> Severity: Error --> Call to a member function result() on a non-object /home/standard_digital/httpdocs/magazines/application/views/widgets/dash.php 44
ERROR - 2018-01-12 10:57:22 --> Severity: Error --> Call to a member function result() on a non-object /home/standard_digital/httpdocs/magazines/application/views/widgets/dash.php 44
ERROR - 2018-01-12 10:57:23 --> Severity: Error --> Call to a member function result() on a non-object /home/standard_digital/httpdocs/magazines/application/views/widgets/dash.php 44
ERROR - 2018-01-12 10:57:57 --> Severity: Error --> Call to a member function result() on a non-object /home/standard_digital/httpdocs/magazines/application/views/widgets/dash.php 44
ERROR - 2018-01-12 11:01:28 --> Severity: Error --> Call to a member function result() on a non-object /home/standard_digital/httpdocs/magazines/application/views/widgets/pstatus.php 38
ERROR - 2018-01-12 11:02:36 --> Severity: Error --> Call to a member function result() on a non-object /home/standard_digital/httpdocs/magazines/application/views/widgets/pstatus.php 38
ERROR - 2018-01-12 11:02:39 --> Severity: Error --> Call to a member function result() on a non-object /home/standard_digital/httpdocs/magazines/application/views/widgets/pstatus.php 38
ERROR - 2018-01-12 11:02:40 --> Severity: Error --> Call to a member function result() on a non-object /home/standard_digital/httpdocs/magazines/application/views/widgets/pstatus.php 38
ERROR - 2018-01-12 11:02:40 --> Severity: Error --> Call to a member function result() on a non-object /home/standard_digital/httpdocs/magazines/application/views/widgets/pstatus.php 38
ERROR - 2018-01-12 11:02:41 --> Severity: Error --> Call to a member function result() on a non-object /home/standard_digital/httpdocs/magazines/application/views/widgets/pstatus.php 38
ERROR - 2018-01-12 11:02:42 --> Severity: Error --> Call to a member function result() on a non-object /home/standard_digital/httpdocs/magazines/application/views/widgets/pstatus.php 38
ERROR - 2018-01-12 11:02:51 --> Severity: Error --> Call to a member function result() on a non-object /home/standard_digital/httpdocs/magazines/application/views/widgets/pstatus.php 37
ERROR - 2018-01-12 11:03:05 --> Severity: Error --> Call to a member function result() on a non-object /home/standard_digital/httpdocs/magazines/application/views/widgets/pstatus.php 37
ERROR - 2018-01-12 11:03:18 --> Severity: Error --> Call to a member function result() on a non-object /home/standard_digital/httpdocs/magazines/application/views/widgets/pstatus.php 37
ERROR - 2018-01-12 11:08:52 --> 404 Page Not Found: Merchant/rejected
ERROR - 2018-01-12 11:13:42 --> Severity: Parsing Error --> syntax error, unexpected '$this' (T_VARIABLE), expecting identifier (T_STRING) /home/standard_digital/httpdocs/magazines/application/controllers/Merchant.php 503
ERROR - 2018-01-12 11:13:44 --> Severity: Parsing Error --> syntax error, unexpected '$this' (T_VARIABLE), expecting identifier (T_STRING) /home/standard_digital/httpdocs/magazines/application/controllers/Merchant.php 503
ERROR - 2018-01-12 11:22:12 --> Severity: Parsing Error --> syntax error, unexpected '<' /home/standard_digital/httpdocs/magazines/application/views/widgets/mag_details.php 85
ERROR - 2018-01-12 11:22:15 --> Severity: Parsing Error --> syntax error, unexpected '<' /home/standard_digital/httpdocs/magazines/application/views/widgets/mag_details.php 85
ERROR - 2018-01-12 11:22:57 --> Severity: Parsing Error --> syntax error, unexpected '<' /home/standard_digital/httpdocs/magazines/application/views/widgets/mag_details.php 85
ERROR - 2018-01-12 11:23:07 --> Severity: Parsing Error --> syntax error, unexpected '<' /home/standard_digital/httpdocs/magazines/application/views/widgets/mag_details.php 85
ERROR - 2018-01-12 11:23:09 --> Severity: Parsing Error --> syntax error, unexpected '<' /home/standard_digital/httpdocs/magazines/application/views/widgets/mag_details.php 85
ERROR - 2018-01-12 11:25:36 --> Severity: Parsing Error --> syntax error, unexpected '}', expecting ',' or ';' /home/standard_digital/httpdocs/magazines/application/views/widgets/mag_details.php 85
ERROR - 2018-01-12 11:25:38 --> Severity: Parsing Error --> syntax error, unexpected '}', expecting ',' or ';' /home/standard_digital/httpdocs/magazines/application/views/widgets/mag_details.php 85
ERROR - 2018-01-12 11:29:56 --> Severity: Warning --> unlink(): No such file or directory /home/standard_digital/httpdocs/magazines/application/models/Merchant_model.php 486
ERROR - 2018-01-12 11:32:12 --> Severity: Warning --> unlink(): No such file or directory /home/standard_digital/httpdocs/magazines/application/models/Merchant_model.php 486
ERROR - 2018-01-12 11:32:36 --> Severity: Warning --> unlink(): No such file or directory /home/standard_digital/httpdocs/magazines/application/models/Merchant_model.php 486
ERROR - 2018-01-12 11:48:54 --> Severity: Warning --> unlink(): No such file or directory /home/standard_digital/httpdocs/magazines/application/models/Merchant_model.php 486
ERROR - 2018-01-12 12:07:11 --> Severity: Warning --> unlink(): No such file or directory /home/standard_digital/httpdocs/magazines/application/models/Merchant_model.php 496
ERROR - 2018-01-12 12:08:33 --> Severity: Warning --> unlink(): No such file or directory /home/standard_digital/httpdocs/magazines/application/models/Merchant_model.php 496
ERROR - 2018-01-12 12:08:41 --> Severity: Warning --> unlink(): No such file or directory /home/standard_digital/httpdocs/magazines/application/models/Merchant_model.php 496
ERROR - 2018-01-12 13:47:17 --> Severity: Warning --> unlink(): No such file or directory /home/standard_digital/httpdocs/magazines/application/models/Merchant_model.php 496
