ERROR - 2017-12-28 09:59:41 --> Query error: MySQL server has gone away - Invalid query: SELECT *
FROM `m_genres`
ERROR - 2017-12-28 09:59:41 --> Severity: Error --> Call to a member function result() on a non-object /home/standard_digital/httpdocs/magazines/application/models/Home_model.php 14
ERROR - 2017-12-28 10:13:06 --> Severity: Parsing Error --> syntax error, unexpected '$accesstoken' (T_VARIABLE) /home/standard_digital/httpdocs/magazines/application/libraries/Mpesa.php 45
ERROR - 2017-12-28 10:23:04 --> Severity: Notice --> Trying to get property of non-object /home/standard_digital/httpdocs/magazines/application/libraries/Mpesa.php 40
ERROR - 2017-12-28 10:23:05 --> Query error: MySQL server has gone away - Invalid query: SELECT *
FROM `m_genres`
ERROR - 2017-12-28 10:23:05 --> Severity: Error --> Call to a member function result() on a non-object /home/standard_digital/httpdocs/magazines/application/models/Home_model.php 14
ERROR - 2017-12-28 10:27:24 --> Severity: Notice --> Undefined variable: tel /home/standard_digital/httpdocs/magazines/application/controllers/Home.php 161
ERROR - 2017-12-28 10:31:34 --> Severity: Notice --> Trying to get property of non-object /home/standard_digital/httpdocs/magazines/application/libraries/Mpesa.php 40
ERROR - 2017-12-28 10:32:24 --> Query error: MySQL server has gone away - Invalid query: SELECT *
FROM `m_genres`
ERROR - 2017-12-28 10:32:24 --> Query error: MySQL server has gone away - Invalid query: SELECT *
FROM `m_genres`
ERROR - 2017-12-28 12:16:17 --> Severity: Notice --> Trying to get property of non-object /home/standard_digital/httpdocs/magazines/application/libraries/Mpesa.php 40
ERROR - 2017-12-28 12:16:18 --> Query error: MySQL server has gone away - Invalid query: SELECT *
FROM `m_genres`
ERROR - 2017-12-28 12:16:35 --> Severity: Notice --> Undefined property: stdClass::$access_token /home/standard_digital/httpdocs/magazines/application/libraries/Mpesa.php 40
ERROR - 2017-12-28 12:55:17 --> Query error: MySQL server has gone away - Invalid query: SELECT *
FROM `m_genres`
ERROR - 2017-12-28 13:54:42 --> 404 Page Not Found: Paypal/fail
ERROR - 2017-12-28 15:21:37 --> Severity: Compile Error --> Cannot redeclare Home::checkout() /home/standard_digital/httpdocs/magazines/application/controllers/Home.php 183
ERROR - 2017-12-28 15:48:23 --> 404 Page Not Found: Home/%20mpesa_check
ERROR - 2017-12-28 15:49:27 --> 404 Page Not Found: Home/%20mpesa_check
ERROR - 2017-12-28 15:54:13 --> 404 Page Not Found: Home/%20mpesa_check
ERROR - 2017-12-28 15:54:57 --> 404 Page Not Found: Home/%20mpesa_check
ERROR - 2017-12-28 15:54:58 --> 404 Page Not Found: Home/%20mpesa_check
ERROR - 2017-12-28 16:24:52 --> Severity: Notice --> Undefined variable: data /home/standard_digital/httpdocs/magazines/application/controllers/Home.php 104
ERROR - 2017-12-28 16:24:52 --> Severity: Warning --> Invalid argument supplied for foreach() /home/standard_digital/httpdocs/magazines/application/controllers/Home.php 84
ERROR - 2017-12-28 16:25:04 --> Severity: Notice --> Undefined variable: data /home/standard_digital/httpdocs/magazines/application/controllers/Home.php 104
ERROR - 2017-12-28 16:25:04 --> Severity: Warning --> Invalid argument supplied for foreach() /home/standard_digital/httpdocs/magazines/application/controllers/Home.php 84
ERROR - 2017-12-28 18:38:55 --> 404 Page Not Found: Merchant/country_autoload
